2024-02-04T00:36:02.363+01:00  WARN 16677 --- [HikariPool-1 housekeeper] com.zaxxer.hikari.pool.HikariPool        : HikariPool-1 - Thread starvation or clock leap detected (housekeeper delta=48m27s402ms).
2024-02-04T01:42:19.280+01:00  WARN 16677 --- [HikariPool-1 housekeeper] com.zaxxer.hikari.pool.HikariPool        : HikariPool-1 - Thread starvation or clock leap detected (housekeeper delta=1h6m16s916ms).
2024-02-04T02:45:49.035+01:00  WARN 16677 --- [HikariPool-1 housekeeper] com.zaxxer.hikari.pool.HikariPool        : HikariPool-1 - Thread starvation or clock leap detected (housekeeper delta=1h3m29s757ms).
2024-02-04T03:53:00.915+01:00  WARN 16677 --- [HikariPool-1 housekeeper] com.zaxxer.hikari.pool.HikariPool        : HikariPool-1 - Thread starvation or clock leap detected (housekeeper delta=1h7m11s878ms).
2024-02-04T05:17:20.890+01:00  WARN 16677 --- [HikariPool-1 housekeeper] com.zaxxer.hikari.pool.HikariPool        : HikariPool-1 - Thread starvation or clock leap detected (housekeeper delta=1h7m27s770ms).
2024-02-04T06:24:38.399+01:00  WARN 16677 --- [HikariPool-1 housekeeper] com.zaxxer.hikari.pool.HikariPool        : HikariPool-1 - Thread starvation or clock leap detected (housekeeper delta=1h24m9s714ms).
2024-02-04T07:30:59.235+01:00  WARN 16677 --- [HikariPool-1 housekeeper] com.zaxxer.hikari.pool.HikariPool        : HikariPool-1 - Thread starvation or clock leap detected (housekeeper delta=1h6m20s836ms).
2024-02-04T08:38:13.169+01:00  WARN 16677 --- [HikariPool-1 housekeeper] com.zaxxer.hikari.pool.HikariPool        : HikariPool-1 - Thread starvation or clock leap detected (housekeeper delta=1h7m13s934ms).
2024-02-04T10:01:48.071+01:00  WARN 16677 --- [HikariPool-1 housekeeper] com.zaxxer.hikari.pool.HikariPool        : HikariPool-1 - Thread starvation or clock leap detected (housekeeper delta=1h23m34s900ms).
2024-02-04T10:51:24.246+01:00  WARN 16677 --- [HikariPool-1 housekeeper] com.zaxxer.hikari.pool.HikariPool        : HikariPool-1 - Thread starvation or clock leap detected (housekeeper delta=49m36s178ms).
2024-02-04T10:51:36.230+01:00 DEBUG 16677 --- [http-nio-8080-exec-4] o.s.security.web.FilterChainProxy        : Securing GET /api/v1/user/cart/checkCart?cartId=5
2024-02-04T10:51:36.301+01:00 ERROR 16677 --- [http-nio-8080-exec-4] c.s.ecommerceapi.security.jwt.JwtUtil    : JWT token is expired: JWT expired at 2024-02-04T04:17:22Z. Current time: 2024-02-04T09:51:36Z, a difference of 20054279 milliseconds.  Allowed clock skew: 0 milliseconds.
2024-02-04T10:51:36.306+01:00 DEBUG 16677 --- [http-nio-8080-exec-4] o.s.s.w.a.AnonymousAuthenticationFilter  : Set SecurityContextHolder to anonymous SecurityContext
2024-02-04T10:51:47.274+01:00 DEBUG 16677 --- [http-nio-8080-exec-6] o.s.security.web.FilterChainProxy        : Securing POST /api/auth/signin
2024-02-04T10:51:47.282+01:00 ERROR 16677 --- [http-nio-8080-exec-6] c.s.ecommerceapi.security.jwt.JwtUtil    : JWT token is expired: JWT expired at 2024-02-04T04:17:22Z. Current time: 2024-02-04T09:51:47Z, a difference of 20065282 milliseconds.  Allowed clock skew: 0 milliseconds.
2024-02-04T10:51:47.283+01:00 DEBUG 16677 --- [http-nio-8080-exec-6] o.s.s.w.a.AnonymousAuthenticationFilter  : Set SecurityContextHolder to anonymous SecurityContext
2024-02-04T10:51:47.289+01:00 DEBUG 16677 --- [http-nio-8080-exec-6] o.s.security.web.FilterChainProxy        : Secured POST /api/auth/signin
2024-02-04T10:51:47.776+01:00 DEBUG 16677 --- [http-nio-8080-exec-6] org.hibernate.SQL                        : select u1_0.userid,u1_0.approved,u1_0.email,u1_0.password,u1_0.pending,u1_0.registration_date,u1_0.cart_id,u1_0.update_date,u1_0.address,u1_0.first_name,u1_0.last_name,u1_0.phone,u1_0.user_role,u1_0.username from user u1_0 where u1_0.username=?
2024-02-04T10:51:47.803+01:00 DEBUG 16677 --- [http-nio-8080-exec-6] org.hibernate.SQL                        : select sc1_0.cartid,sc1_0.created_date,sc1_0.total_price,u1_0.userid,u1_0.approved,u1_0.email,u1_0.password,u1_0.pending,u1_0.registration_date,sc2_0.cartid,sc2_0.created_date,sc2_0.total_price,sc2_0.user_userid,u1_0.update_date,u1_0.address,u1_0.first_name,u1_0.last_name,u1_0.phone,u1_0.user_role,u1_0.username from shopping_cart sc1_0 left join user u1_0 on u1_0.userid=sc1_0.user_userid left join shopping_cart sc2_0 on sc2_0.cartid=u1_0.cart_id where sc1_0.cartid=?
2024-02-04T10:51:47.909+01:00 DEBUG 16677 --- [http-nio-8080-exec-6] o.s.s.a.dao.DaoAuthenticationProvider    : Authenticated user
2024-02-04T10:51:47.942+01:00 DEBUG 16677 --- [http-nio-8080-exec-6] org.hibernate.SQL                        : select u1_0.userid,u1_0.approved,u1_0.email,u1_0.password,u1_0.pending,u1_0.registration_date,u1_0.cart_id,u1_0.update_date,u1_0.address,u1_0.first_name,u1_0.last_name,u1_0.phone,u1_0.user_role,u1_0.username from user u1_0 where u1_0.username=?
2024-02-04T10:51:47.944+01:00 DEBUG 16677 --- [http-nio-8080-exec-6] org.hibernate.SQL                        : select sc1_0.cartid,sc1_0.created_date,sc1_0.total_price,u1_0.userid,u1_0.approved,u1_0.email,u1_0.password,u1_0.pending,u1_0.registration_date,sc2_0.cartid,sc2_0.created_date,sc2_0.total_price,sc2_0.user_userid,u1_0.update_date,u1_0.address,u1_0.first_name,u1_0.last_name,u1_0.phone,u1_0.user_role,u1_0.username from shopping_cart sc1_0 left join user u1_0 on u1_0.userid=sc1_0.user_userid left join shopping_cart sc2_0 on sc2_0.cartid=u1_0.cart_id where sc1_0.cartid=?
2024-02-04T10:51:47.956+01:00 DEBUG 16677 --- [http-nio-8080-exec-6] org.hibernate.SQL                        : select u1_0.userid,u1_0.approved,u1_0.email,u1_0.password,u1_0.pending,u1_0.registration_date,u1_0.cart_id,u1_0.update_date,u1_0.address,u1_0.first_name,u1_0.last_name,u1_0.phone,u1_0.user_role,u1_0.username from user u1_0 where u1_0.username=?
2024-02-04T10:51:47.957+01:00 DEBUG 16677 --- [http-nio-8080-exec-6] org.hibernate.SQL                        : select sc1_0.cartid,sc1_0.created_date,sc1_0.total_price,u1_0.userid,u1_0.approved,u1_0.email,u1_0.password,u1_0.pending,u1_0.registration_date,sc2_0.cartid,sc2_0.created_date,sc2_0.total_price,sc2_0.user_userid,u1_0.update_date,u1_0.address,u1_0.first_name,u1_0.last_name,u1_0.phone,u1_0.user_role,u1_0.username from shopping_cart sc1_0 left join user u1_0 on u1_0.userid=sc1_0.user_userid left join shopping_cart sc2_0 on sc2_0.cartid=u1_0.cart_id where sc1_0.cartid=?
2024-02-04T10:51:57.762+01:00 DEBUG 16677 --- [http-nio-8080-exec-7] o.s.security.web.FilterChainProxy        : Securing GET /api/v1/user/orders/place/5
2024-02-04T10:51:57.775+01:00 DEBUG 16677 --- [http-nio-8080-exec-7] org.hibernate.SQL                        : select u1_0.userid,u1_0.approved,u1_0.email,u1_0.password,u1_0.pending,u1_0.registration_date,u1_0.cart_id,u1_0.update_date,u1_0.address,u1_0.first_name,u1_0.last_name,u1_0.phone,u1_0.user_role,u1_0.username from user u1_0 where u1_0.username=?
2024-02-04T10:51:57.778+01:00 DEBUG 16677 --- [http-nio-8080-exec-7] org.hibernate.SQL                        : select sc1_0.cartid,sc1_0.created_date,sc1_0.total_price,u1_0.userid,u1_0.approved,u1_0.email,u1_0.password,u1_0.pending,u1_0.registration_date,sc2_0.cartid,sc2_0.created_date,sc2_0.total_price,sc2_0.user_userid,u1_0.update_date,u1_0.address,u1_0.first_name,u1_0.last_name,u1_0.phone,u1_0.user_role,u1_0.username from shopping_cart sc1_0 left join user u1_0 on u1_0.userid=sc1_0.user_userid left join shopping_cart sc2_0 on sc2_0.cartid=u1_0.cart_id where sc1_0.cartid=?
2024-02-04T10:51:57.783+01:00 DEBUG 16677 --- [http-nio-8080-exec-7] o.s.security.web.FilterChainProxy        : Secured GET /api/v1/user/orders/place/5
2024-02-04T10:52:02.499+01:00 DEBUG 16677 --- [http-nio-8080-exec-9] o.s.security.web.FilterChainProxy        : Securing POST /api/v1/user/orders/place/5
2024-02-04T10:52:02.535+01:00 DEBUG 16677 --- [http-nio-8080-exec-9] org.hibernate.SQL                        : select u1_0.userid,u1_0.approved,u1_0.email,u1_0.password,u1_0.pending,u1_0.registration_date,u1_0.cart_id,u1_0.update_date,u1_0.address,u1_0.first_name,u1_0.last_name,u1_0.phone,u1_0.user_role,u1_0.username from user u1_0 where u1_0.username=?
2024-02-04T10:52:02.540+01:00 DEBUG 16677 --- [http-nio-8080-exec-9] org.hibernate.SQL                        : select sc1_0.cartid,sc1_0.created_date,sc1_0.total_price,u1_0.userid,u1_0.approved,u1_0.email,u1_0.password,u1_0.pending,u1_0.registration_date,sc2_0.cartid,sc2_0.created_date,sc2_0.total_price,sc2_0.user_userid,u1_0.update_date,u1_0.address,u1_0.first_name,u1_0.last_name,u1_0.phone,u1_0.user_role,u1_0.username from shopping_cart sc1_0 left join user u1_0 on u1_0.userid=sc1_0.user_userid left join shopping_cart sc2_0 on sc2_0.cartid=u1_0.cart_id where sc1_0.cartid=?
2024-02-04T10:52:02.546+01:00 DEBUG 16677 --- [http-nio-8080-exec-9] o.s.security.web.FilterChainProxy        : Secured POST /api/v1/user/orders/place/5
2024-02-04T10:52:02.556+01:00 DEBUG 16677 --- [http-nio-8080-exec-9] org.hibernate.SQL                        : select sc1_0.cartid,sc1_0.created_date,sc1_0.total_price,sc1_0.user_userid from shopping_cart sc1_0 where sc1_0.cartid=?
2024-02-04T10:52:02.558+01:00 DEBUG 16677 --- [http-nio-8080-exec-9] org.hibernate.SQL                        : select u1_0.userid,u1_0.approved,u1_0.email,u1_0.password,u1_0.pending,u1_0.registration_date,sc1_0.cartid,sc1_0.created_date,sc1_0.total_price,u2_0.userid,u2_0.approved,u2_0.email,u2_0.password,u2_0.pending,u2_0.registration_date,u2_0.cart_id,u2_0.update_date,u2_0.address,u2_0.first_name,u2_0.last_name,u2_0.phone,u2_0.user_role,u2_0.username,u1_0.update_date,u1_0.address,u1_0.first_name,u1_0.last_name,u1_0.phone,u1_0.user_role,u1_0.username from user u1_0 left join shopping_cart sc1_0 on sc1_0.cartid=u1_0.cart_id left join user u2_0 on u2_0.userid=sc1_0.user_userid where u1_0.userid=?
2024-02-04T10:52:02.564+01:00  INFO 16677 --- [http-nio-8080-exec-9] c.s.e.s.commands.builder.OrderBuilder    : Order built: Order ID: null, Order Created At: 2024-02-04T10:52:02.564363, User: newUser6, Total Price: 450.0, Order Status: IN_PROCESS, User Information: UserInformation(firstName=Valentyna, lastName=Jonson, address=Ukraine, Banniy prov 2, 65, phone=380930033756)
2024-02-04T10:52:02.608+01:00 DEBUG 16677 --- [http-nio-8080-exec-9] org.hibernate.SQL                        : insert into orders (order_date,order_status,shopping_cart_cartid,total_price,userid,address,first_name,last_name,phone) values (?,?,?,?,?,?,?,?,?)
2024-02-04T10:52:02.658+01:00  WARN 16677 --- [http-nio-8080-exec-9] o.h.engine.jdbc.spi.SqlExceptionHelper   : SQL Error: 1062, SQLState: 23000
2024-02-04T10:52:02.659+01:00 ERROR 16677 --- [http-nio-8080-exec-9] o.h.engine.jdbc.spi.SqlExceptionHelper   : Duplicate entry '380930033756' for key 'orders.UK_1g7hflf4v327bhkykuoi42nb8'
